<?xml version="1.0" encoding="UTF-8"?>
<!-- Generated by org.testng.reporters.JUnitReportReporter -->
<testsuite hostname="Mowlee-Laptop" failures="0" tests="4" name="testsuite1.Module1" time="0.014" errors="0" timestamp="2023-02-06T18:15:44 EST" skipped="0">
  <testcase classname="testsuite1.Module1" name="Testcase01" time="0.009"/>
  <system-out>
    <![CDATA[This line is executed from testcase01]]>
  </system-out>
  <testcase classname="testsuite1.Module1" name="parameterexample" time="0.003"/>
  <system-out/>
  <testcase classname="testsuite1.Module1" name="Testcase02" time="0.001"/>
  <system-out>
    <![CDATA[This line is executed from testcase02]]>
  </system-out>
  <testcase classname="testsuite1.Module1" name="Testcase03" time="0.001"/>
  <system-out>
    <![CDATA[This line is executed from testcase03]]>
  </system-out>
</testsuite> <!-- testsuite1.Module1 -->
