<?xml version="1.0" encoding="UTF-8"?>
<!-- Generated by org.testng.reporters.JUnitReportReporter -->
<testsuite hostname="Mowlee-Laptop" failures="0" tests="3" name="runner.TestRunner" time="0.086" errors="0" timestamp="2023-02-13T17:14:05 EST" skipped="0">
  <testcase classname="runner.TestRunner" name="runScenario" time="0.011"/>
  <system-out/>
  <testcase classname="runner.TestRunner" name="runScenario" time="0.070"/>
  <system-out/>
  <testcase classname="runner.TestRunner" name="runScenario" time="0.005"/>
  <system-out/>
</testsuite> <!-- runner.TestRunner -->
